This file contains any messages produced by compilers while
running configure, to aid debugging if configure makes a mistake.

It was created by Spook configure 20050207, which was
generated by GNU Autoconf 2.59.  Invocation command line was

  $ ./configure 

## --------- ##
## Platform. ##
## --------- ##

hostname = thomas-A780L3B
uname -m = i686
uname -r = 3.2.0-29-generic-pae
uname -s = Linux
uname -v = #46-Ubuntu SMP Fri Jul 27 17:25:43 UTC 2012

/usr/bin/uname -p = unknown
/bin/uname -X     = unknown

/bin/arch              = unknown
/usr/bin/arch -k       = unknown
/usr/convex/getsysinfo = unknown
hostinfo               = unknown
/bin/machine           = unknown
/usr/bin/oslevel       = unknown
/bin/universe          = unknown

PATH: /usr/local/sbin
PATH: /usr/local/bin
PATH: /usr/sbin
PATH: /usr/bin
PATH: /sbin
PATH: /bin


## ----------- ##
## Core tests. ##
## ----------- ##

configure:1367: checking for a BSD-compatible install
configure:1422: result: /usr/bin/install -c
configure:1433: checking whether build environment is sane
configure:1476: result: yes
configure:1533: checking for gawk
configure:1549: found /usr/bin/gawk
configure:1559: result: gawk
configure:1569: checking whether make sets $(MAKE)
configure:1589: result: yes
configure:1762: checking build system type
configure:1780: result: i686-pc-linux-gnu
configure:1788: checking host system type
configure:1802: result: i686-pc-linux-gnu
configure:1857: checking for gcc
configure:1873: found /usr/bin/gcc
configure:1883: result: gcc
configure:2127: checking for C compiler version
configure:2130: gcc --version </dev/null >&5
gcc (Ubuntu/Linaro 4.6.3-1ubuntu5) 4.6.3
Copyright (C) 2011 Free Software Foundation, Inc.
This is free software; see the source for copying conditions.  There is NO
warranty; not even for MERCHANTABILITY or FITNESS FOR A PARTICULAR PURPOSE.

configure:2133: $? = 0
configure:2135: gcc -v </dev/null >&5
Using built-in specs.
COLLECT_GCC=gcc
COLLECT_LTO_WRAPPER=/usr/lib/gcc/i686-linux-gnu/4.6/lto-wrapper
Target: i686-linux-gnu
Configured with: ../src/configure -v --with-pkgversion='Ubuntu/Linaro 4.6.3-1ubuntu5' --with-bugurl=file:///usr/share/doc/gcc-4.6/README.Bugs --enable-languages=c,c++,fortran,objc,obj-c++ --prefix=/usr --program-suffix=-4.6 --enable-shared --enable-linker-build-id --with-system-zlib --libexecdir=/usr/lib --without-included-gettext --enable-threads=posix --with-gxx-include-dir=/usr/include/c++/4.6 --libdir=/usr/lib --enable-nls --with-sysroot=/ --enable-clocale=gnu --enable-libstdcxx-debug --enable-libstdcxx-time=yes --enable-gnu-unique-object --enable-plugin --enable-objc-gc --enable-targets=all --disable-werror --with-arch-32=i686 --with-tune=generic --enable-checking=release --build=i686-linux-gnu --host=i686-linux-gnu --target=i686-linux-gnu
Thread model: posix
gcc version 4.6.3 (Ubuntu/Linaro 4.6.3-1ubuntu5) 
configure:2138: $? = 0
configure:2140: gcc -V </dev/null >&5
gcc: error: unrecognized option '-V'
gcc: fatal error: no input files
compilation terminated.
configure:2143: $? = 4
configure:2166: checking for C compiler default output file name
configure:2169: gcc    conftest.c  >&5
configure:2172: $? = 0
configure:2218: result: a.out
configure:2223: checking whether the C compiler works
configure:2229: ./a.out
configure:2232: $? = 0
configure:2249: result: yes
configure:2256: checking whether we are cross compiling
configure:2258: result: no
configure:2261: checking for suffix of executables
configure:2263: gcc -o conftest    conftest.c  >&5
configure:2266: $? = 0
configure:2291: result: 
configure:2297: checking for suffix of object files
configure:2318: gcc -c   conftest.c >&5
configure:2321: $? = 0
configure:2343: result: o
configure:2347: checking whether we are using the GNU C compiler
configure:2371: gcc -c   conftest.c >&5
configure:2377: $? = 0
configure:2381: test -z 
			 || test ! -s conftest.err
configure:2384: $? = 0
configure:2387: test -s conftest.o
configure:2390: $? = 0
configure:2403: result: yes
configure:2409: checking whether gcc accepts -g
configure:2430: gcc -c -g  conftest.c >&5
configure:2436: $? = 0
configure:2440: test -z 
			 || test ! -s conftest.err
configure:2443: $? = 0
configure:2446: test -s conftest.o
configure:2449: $? = 0
configure:2460: result: yes
configure:2477: checking for gcc option to accept ANSI C
configure:2547: gcc  -c -g -O2  conftest.c >&5
configure:2553: $? = 0
configure:2557: test -z 
			 || test ! -s conftest.err
configure:2560: $? = 0
configure:2563: test -s conftest.o
configure:2566: $? = 0
configure:2584: result: none needed
configure:2602: gcc -c -g -O2  conftest.c >&5
conftest.c:2:3: error: unknown type name 'choke'
conftest.c:2:3: error: expected '=', ',', ';', 'asm' or '__attribute__' at end of input
configure:2608: $? = 1
configure: failed program was:
| #ifndef __cplusplus
|   choke me
| #endif
configure:2752: checking for style of include used by make
configure:2780: result: GNU
configure:2808: checking dependency style of gcc
configure:2898: result: gcc3
configure:2920: checking for flex
configure:2936: found /usr/bin/flex
configure:2946: result: flex
configure:2959: checking for yywrap in -lfl
configure:2989: gcc -o conftest -g -O2   conftest.c -lfl   >&5
configure:2995: $? = 0
configure:2999: test -z 
			 || test ! -s conftest.err
configure:3002: $? = 0
configure:3005: test -s conftest
configure:3008: $? = 0
configure:3021: result: yes
configure:3099: checking lex output file root
configure:3110: flex conftest.l
configure:3113: $? = 0
configure:3125: result: lex.yy
configure:3130: checking whether yytext is a pointer
configure:3146: gcc -o conftest -g -O2   conftest.c  -lfl >&5
configure:3152: $? = 0
configure:3156: test -z 
			 || test ! -s conftest.err
configure:3159: $? = 0
configure:3162: test -s conftest
configure:3165: $? = 0
configure:3179: result: yes
configure:3275: checking how to run the C preprocessor
configure:3310: gcc -E  conftest.c
configure:3316: $? = 0
configure:3348: gcc -E  conftest.c
conftest.c:12:28: fatal error: ac_nonexistent.h: No such file or directory
compilation terminated.
configure:3354: $? = 1
configure: failed program was:
| /* confdefs.h.  */
| 
| #define PACKAGE_NAME "Spook"
| #define PACKAGE_TARNAME "spook"
| #define PACKAGE_VERSION "20050207"
| #define PACKAGE_STRING "Spook 20050207"
| #define PACKAGE_BUGREPORT ""
| #define PACKAGE "spook"
| #define VERSION "20050207"
| #define YYTEXT_POINTER 1
| /* end confdefs.h.  */
| #include <ac_nonexistent.h>
configure:3393: result: gcc -E
configure:3417: gcc -E  conftest.c
configure:3423: $? = 0
configure:3455: gcc -E  conftest.c
conftest.c:12:28: fatal error: ac_nonexistent.h: No such file or directory
compilation terminated.
configure:3461: $? = 1
configure: failed program was:
| /* confdefs.h.  */
| 
| #define PACKAGE_NAME "Spook"
| #define PACKAGE_TARNAME "spook"
| #define PACKAGE_VERSION "20050207"
| #define PACKAGE_STRING "Spook 20050207"
| #define PACKAGE_BUGREPORT ""
| #define PACKAGE "spook"
| #define VERSION "20050207"
| #define YYTEXT_POINTER 1
| /* end confdefs.h.  */
| #include <ac_nonexistent.h>
configure:3505: checking for egrep
configure:3515: result: grep -E
configure:3520: checking for ANSI C header files
configure:3545: gcc -c -g -O2 -pthread -Wall -fno-strict-aliasing -I/usr/src/linux/include  conftest.c >&5
configure:3551: $? = 0
configure:3555: test -z 
			 || test ! -s conftest.err
configure:3558: $? = 0
configure:3561: test -s conftest.o
configure:3564: $? = 0
configure:3653: gcc -o conftest -g -O2 -pthread -Wall -fno-strict-aliasing -I/usr/src/linux/include   conftest.c  >&5
conftest.c: In function 'main':
conftest.c:29:7: warning: implicit declaration of function 'exit' [-Wimplicit-function-declaration]
conftest.c:29:7: warning: incompatible implicit declaration of built-in function 'exit' [enabled by default]
configure:3656: $? = 0
configure:3658: ./conftest
configure:3661: $? = 0
configure:3676: result: yes
configure:3700: checking for sys/types.h
configure:3716: gcc -c -g -O2 -pthread -Wall -fno-strict-aliasing -I/usr/src/linux/include  conftest.c >&5
configure:3722: $? = 0
configure:3726: test -z 
			 || test ! -s conftest.err
configure:3729: $? = 0
configure:3732: test -s conftest.o
configure:3735: $? = 0
configure:3746: result: yes
configure:3700: checking for sys/stat.h
configure:3716: gcc -c -g -O2 -pthread -Wall -fno-strict-aliasing -I/usr/src/linux/include  conftest.c >&5
configure:3722: $? = 0
configure:3726: test -z 
			 || test ! -s conftest.err
configure:3729: $? = 0
configure:3732: test -s conftest.o
configure:3735: $? = 0
configure:3746: result: yes
configure:3700: checking for stdlib.h
configure:3716: gcc -c -g -O2 -pthread -Wall -fno-strict-aliasing -I/usr/src/linux/include  conftest.c >&5
configure:3722: $? = 0
configure:3726: test -z 
			 || test ! -s conftest.err
configure:3729: $? = 0
configure:3732: test -s conftest.o
configure:3735: $? = 0
configure:3746: result: yes
configure:3700: checking for string.h
configure:3716: gcc -c -g -O2 -pthread -Wall -fno-strict-aliasing -I/usr/src/linux/include  conftest.c >&5
configure:3722: $? = 0
configure:3726: test -z 
			 || test ! -s conftest.err
configure:3729: $? = 0
configure:3732: test -s conftest.o
configure:3735: $? = 0
configure:3746: result: yes
configure:3700: checking for memory.h
configure:3716: gcc -c -g -O2 -pthread -Wall -fno-strict-aliasing -I/usr/src/linux/include  conftest.c >&5
configure:3722: $? = 0
configure:3726: test -z 
			 || test ! -s conftest.err
configure:3729: $? = 0
configure:3732: test -s conftest.o
configure:3735: $? = 0
configure:3746: result: yes
configure:3700: checking for strings.h
configure:3716: gcc -c -g -O2 -pthread -Wall -fno-strict-aliasing -I/usr/src/linux/include  conftest.c >&5
configure:3722: $? = 0
configure:3726: test -z 
			 || test ! -s conftest.err
configure:3729: $? = 0
configure:3732: test -s conftest.o
configure:3735: $? = 0
configure:3746: result: yes
configure:3700: checking for inttypes.h
configure:3716: gcc -c -g -O2 -pthread -Wall -fno-strict-aliasing -I/usr/src/linux/include  conftest.c >&5
configure:3722: $? = 0
configure:3726: test -z 
			 || test ! -s conftest.err
configure:3729: $? = 0
configure:3732: test -s conftest.o
configure:3735: $? = 0
configure:3746: result: yes
configure:3700: checking for stdint.h
configure:3716: gcc -c -g -O2 -pthread -Wall -fno-strict-aliasing -I/usr/src/linux/include  conftest.c >&5
configure:3722: $? = 0
configure:3726: test -z 
			 || test ! -s conftest.err
configure:3729: $? = 0
configure:3732: test -s conftest.o
configure:3735: $? = 0
configure:3746: result: yes
configure:3700: checking for unistd.h
configure:3716: gcc -c -g -O2 -pthread -Wall -fno-strict-aliasing -I/usr/src/linux/include  conftest.c >&5
configure:3722: $? = 0
configure:3726: test -z 
			 || test ! -s conftest.err
configure:3729: $? = 0
configure:3732: test -s conftest.o
configure:3735: $? = 0
configure:3746: result: yes
configure:3773: checking asm/types.h usability
configure:3785: gcc -c -g -O2 -pthread -Wall -fno-strict-aliasing -I/usr/src/linux/include  conftest.c >&5
configure:3791: $? = 0
configure:3795: test -z 
			 || test ! -s conftest.err
configure:3798: $? = 0
configure:3801: test -s conftest.o
configure:3804: $? = 0
configure:3814: result: yes
configure:3818: checking asm/types.h presence
configure:3828: gcc -E  conftest.c
configure:3834: $? = 0
configure:3854: result: yes
configure:3889: checking for asm/types.h
configure:3896: result: yes
configure:3773: checking linux/compiler.h usability
configure:3785: gcc -c -g -O2 -pthread -Wall -fno-strict-aliasing -I/usr/src/linux/include  conftest.c >&5
conftest.c:57:28: fatal error: linux/compiler.h: No such file or directory
compilation terminated.
configure:3791: $? = 1
configure: failed program was:
| /* confdefs.h.  */
| 
| #define PACKAGE_NAME "Spook"
| #define PACKAGE_TARNAME "spook"
| #define PACKAGE_VERSION "20050207"
| #define PACKAGE_STRING "Spook 20050207"
| #define PACKAGE_BUGREPORT ""
| #define PACKAGE "spook"
| #define VERSION "20050207"
| #define YYTEXT_POINTER 1
| #define STDC_HEADERS 1
| #define HAVE_SYS_TYPES_H 1
| #define HAVE_SYS_STAT_H 1
| #define HAVE_STDLIB_H 1
| #define HAVE_STRING_H 1
| #define HAVE_MEMORY_H 1
| #define HAVE_STRINGS_H 1
| #define HAVE_INTTYPES_H 1
| #define HAVE_STDINT_H 1
| #define HAVE_UNISTD_H 1
| #define HAVE_ASM_TYPES_H 1
| /* end confdefs.h.  */
| #include <stdio.h>
| #if HAVE_SYS_TYPES_H
| # include <sys/types.h>
| #endif
| #if HAVE_SYS_STAT_H
| # include <sys/stat.h>
| #endif
| #if STDC_HEADERS
| # include <stdlib.h>
| # include <stddef.h>
| #else
| # if HAVE_STDLIB_H
| #  include <stdlib.h>
| # endif
| #endif
| #if HAVE_STRING_H
| # if !STDC_HEADERS && HAVE_MEMORY_H
| #  include <memory.h>
| # endif
| # include <string.h>
| #endif
| #if HAVE_STRINGS_H
| # include <strings.h>
| #endif
| #if HAVE_INTTYPES_H
| # include <inttypes.h>
| #else
| # if HAVE_STDINT_H
| #  include <stdint.h>
| # endif
| #endif
| #if HAVE_UNISTD_H
| # include <unistd.h>
| #endif
| #include <linux/compiler.h>
configure:3814: result: no
configure:3818: checking linux/compiler.h presence
configure:3828: gcc -E  conftest.c
conftest.c:23:28: fatal error: linux/compiler.h: No such file or directory
compilation terminated.
configure:3834: $? = 1
configure: failed program was:
| /* confdefs.h.  */
| 
| #define PACKAGE_NAME "Spook"
| #define PACKAGE_TARNAME "spook"
| #define PACKAGE_VERSION "20050207"
| #define PACKAGE_STRING "Spook 20050207"
| #define PACKAGE_BUGREPORT ""
| #define PACKAGE "spook"
| #define VERSION "20050207"
| #define YYTEXT_POINTER 1
| #define STDC_HEADERS 1
| #define HAVE_SYS_TYPES_H 1
| #define HAVE_SYS_STAT_H 1
| #define HAVE_STDLIB_H 1
| #define HAVE_STRING_H 1
| #define HAVE_MEMORY_H 1
| #define HAVE_STRINGS_H 1
| #define HAVE_INTTYPES_H 1
| #define HAVE_STDINT_H 1
| #define HAVE_UNISTD_H 1
| #define HAVE_ASM_TYPES_H 1
| /* end confdefs.h.  */
| #include <linux/compiler.h>
configure:3854: result: no
configure:3889: checking for linux/compiler.h
configure:3896: result: no
configure:3959: checking for Video4Linux header files
configure:3990: gcc -c -g -O2 -pthread -Wall -fno-strict-aliasing -I/usr/src/linux/include  conftest.c >&5
conftest.c:32:31: fatal error: linux/videodev.h: No such file or directory
compilation terminated.
configure:3996: $? = 1
configure: failed program was:
| /* confdefs.h.  */
| 
| #define PACKAGE_NAME "Spook"
| #define PACKAGE_TARNAME "spook"
| #define PACKAGE_VERSION "20050207"
| #define PACKAGE_STRING "Spook 20050207"
| #define PACKAGE_BUGREPORT ""
| #define PACKAGE "spook"
| #define VERSION "20050207"
| #define YYTEXT_POINTER 1
| #define STDC_HEADERS 1
| #define HAVE_SYS_TYPES_H 1
| #define HAVE_SYS_STAT_H 1
| #define HAVE_STDLIB_H 1
| #define HAVE_STRING_H 1
| #define HAVE_MEMORY_H 1
| #define HAVE_STRINGS_H 1
| #define HAVE_INTTYPES_H 1
| #define HAVE_STDINT_H 1
| #define HAVE_UNISTD_H 1
| #define HAVE_ASM_TYPES_H 1
| /* end confdefs.h.  */
| 
| 			#include <sys/types.h>
| 			#include <sys/time.h>
| 			#ifdef HAVE_ASM_TYPES_H
| 			#include <asm/types.h>
| 			#endif
| 			#ifdef HAVE_LINUX_COMPILER_H
| 			#include <linux/compiler.h>
| 			#endif
| 			#include <linux/videodev.h>
| 
| int
| main ()
| {
| 
| 			struct video_capability vc;
| 			return 0;
| 
|   ;
|   return 0;
| }
configure:4099: result: no
configure:4113: checking for Video4Linux2 header files
configure:4145: gcc -c -g -O2 -pthread -Wall -fno-strict-aliasing -I/usr/src/linux/include  conftest.c >&5
conftest.c: In function 'main':
conftest.c:39:27: warning: unused variable 'vc' [-Wunused-variable]
configure:4151: $? = 0
configure:4155: test -z 
			 || test ! -s conftest.err
configure:4158: $? = 0
configure:4161: test -s conftest.o
configure:4164: $? = 0
configure:4167: result: yes
configure:4170: checking for go7007.h in the kernel source tree
configure:4203: gcc -c -g -O2 -pthread -Wall -fno-strict-aliasing -I/usr/src/linux/include  conftest.c >&5
conftest.c:34:30: fatal error: linux/go7007.h: No such file or directory
compilation terminated.
configure:4209: $? = 1
configure: failed program was:
| /* confdefs.h.  */
| 
| #define PACKAGE_NAME "Spook"
| #define PACKAGE_TARNAME "spook"
| #define PACKAGE_VERSION "20050207"
| #define PACKAGE_STRING "Spook 20050207"
| #define PACKAGE_BUGREPORT ""
| #define PACKAGE "spook"
| #define VERSION "20050207"
| #define YYTEXT_POINTER 1
| #define STDC_HEADERS 1
| #define HAVE_SYS_TYPES_H 1
| #define HAVE_SYS_STAT_H 1
| #define HAVE_STDLIB_H 1
| #define HAVE_STRING_H 1
| #define HAVE_MEMORY_H 1
| #define HAVE_STRINGS_H 1
| #define HAVE_INTTYPES_H 1
| #define HAVE_STDINT_H 1
| #define HAVE_UNISTD_H 1
| #define HAVE_ASM_TYPES_H 1
| /* end confdefs.h.  */
| 
| 				#include <sys/types.h>
| 				#include <sys/mman.h>
| 				#include <sys/ioctl.h>
| 				#ifdef HAVE_ASM_TYPES_H
| 				#include <asm/types.h>
| 				#endif
| 				#ifdef HAVE_LINUX_COMPILER_H
| 				#include <linux/compiler.h>
| 				#endif
| 				#include <linux/videodev2.h>
| 				#include <linux/go7007.h>
| 
| int
| main ()
| {
| 
| 				unsigned int x = GO7007IOC_S_BITRATE;
| 				return 0;
| 
|   ;
|   return 0;
| }
configure:4238: result: no
configure:4263: checking for dc1394_create_handle in -ldc1394_control
configure:4293: gcc -o conftest -g -O2 -pthread -Wall -fno-strict-aliasing -I/usr/src/linux/include   conftest.c -ldc1394_control -lraw1394  >&5
/usr/bin/ld: cannot find -ldc1394_control
/usr/bin/ld: cannot find -lraw1394
collect2: ld returned 1 exit status
configure:4299: $? = 1
configure: failed program was:
| /* confdefs.h.  */
| 
| #define PACKAGE_NAME "Spook"
| #define PACKAGE_TARNAME "spook"
| #define PACKAGE_VERSION "20050207"
| #define PACKAGE_STRING "Spook 20050207"
| #define PACKAGE_BUGREPORT ""
| #define PACKAGE "spook"
| #define VERSION "20050207"
| #define YYTEXT_POINTER 1
| #define STDC_HEADERS 1
| #define HAVE_SYS_TYPES_H 1
| #define HAVE_SYS_STAT_H 1
| #define HAVE_STDLIB_H 1
| #define HAVE_STRING_H 1
| #define HAVE_MEMORY_H 1
| #define HAVE_STRINGS_H 1
| #define HAVE_INTTYPES_H 1
| #define HAVE_STDINT_H 1
| #define HAVE_UNISTD_H 1
| #define HAVE_ASM_TYPES_H 1
| /* end confdefs.h.  */
| 
| /* Override any gcc2 internal prototype to avoid an error.  */
| #ifdef __cplusplus
| extern "C"
| #endif
| /* We use char because int might match the return type of a gcc2
|    builtin and then its argument prototype would still apply.  */
| char dc1394_create_handle ();
| int
| main ()
| {
| dc1394_create_handle ();
|   ;
|   return 0;
| }
configure:4325: result: no
configure:4418: checking for xvid_encore in -lxvidcore
configure:4448: gcc -o conftest -g -O2 -pthread -Wall -fno-strict-aliasing -I/usr/src/linux/include   conftest.c -lxvidcore   >&5
/usr/bin/ld: cannot find -lxvidcore
collect2: ld returned 1 exit status
configure:4454: $? = 1
configure: failed program was:
| /* confdefs.h.  */
| 
| #define PACKAGE_NAME "Spook"
| #define PACKAGE_TARNAME "spook"
| #define PACKAGE_VERSION "20050207"
| #define PACKAGE_STRING "Spook 20050207"
| #define PACKAGE_BUGREPORT ""
| #define PACKAGE "spook"
| #define VERSION "20050207"
| #define YYTEXT_POINTER 1
| #define STDC_HEADERS 1
| #define HAVE_SYS_TYPES_H 1
| #define HAVE_SYS_STAT_H 1
| #define HAVE_STDLIB_H 1
| #define HAVE_STRING_H 1
| #define HAVE_MEMORY_H 1
| #define HAVE_STRINGS_H 1
| #define HAVE_INTTYPES_H 1
| #define HAVE_STDINT_H 1
| #define HAVE_UNISTD_H 1
| #define HAVE_ASM_TYPES_H 1
| /* end confdefs.h.  */
| 
| /* Override any gcc2 internal prototype to avoid an error.  */
| #ifdef __cplusplus
| extern "C"
| #endif
| /* We use char because int might match the return type of a gcc2
|    builtin and then its argument prototype would still apply.  */
| char xvid_encore ();
| int
| main ()
| {
| xvid_encore ();
|   ;
|   return 0;
| }
configure:4480: result: no
configure:4560: checking for jpeg_set_defaults in -ljpeg
configure:4590: gcc -o conftest -g -O2 -pthread -Wall -fno-strict-aliasing -I/usr/src/linux/include   conftest.c -ljpeg   >&5
configure:4596: $? = 0
configure:4600: test -z 
			 || test ! -s conftest.err
configure:4603: $? = 0
configure:4606: test -s conftest
configure:4609: $? = 0
configure:4622: result: yes
configure:4927: creating ./config.status

## ---------------------- ##
## Running config.status. ##
## ---------------------- ##

This file was extended by Spook config.status 20050207, which was
generated by GNU Autoconf 2.59.  Invocation command line was

  CONFIG_FILES    = 
  CONFIG_HEADERS  = 
  CONFIG_LINKS    = 
  CONFIG_COMMANDS = 
  $ ./config.status 

on thomas-A780L3B

config.status:717: creating Makefile
config.status:821: creating config.h
config.status:1115: executing depfiles commands

## ---------------- ##
## Cache variables. ##
## ---------------- ##

ac_cv_build=i686-pc-linux-gnu
ac_cv_build_alias=i686-pc-linux-gnu
ac_cv_c_compiler_gnu=yes
ac_cv_env_CC_set=
ac_cv_env_CC_value=
ac_cv_env_CFLAGS_set=
ac_cv_env_CFLAGS_value=
ac_cv_env_CPPFLAGS_set=
ac_cv_env_CPPFLAGS_value=
ac_cv_env_CPP_set=
ac_cv_env_CPP_value=
ac_cv_env_LDFLAGS_set=
ac_cv_env_LDFLAGS_value=
ac_cv_env_build_alias_set=
ac_cv_env_build_alias_value=
ac_cv_env_host_alias_set=
ac_cv_env_host_alias_value=
ac_cv_env_target_alias_set=
ac_cv_env_target_alias_value=
ac_cv_exeext=
ac_cv_header_asm_types_h=yes
ac_cv_header_inttypes_h=yes
ac_cv_header_linux_compiler_h=no
ac_cv_header_memory_h=yes
ac_cv_header_stdc=yes
ac_cv_header_stdint_h=yes
ac_cv_header_stdlib_h=yes
ac_cv_header_string_h=yes
ac_cv_header_strings_h=yes
ac_cv_header_sys_stat_h=yes
ac_cv_header_sys_types_h=yes
ac_cv_header_unistd_h=yes
ac_cv_host=i686-pc-linux-gnu
ac_cv_host_alias=i686-pc-linux-gnu
ac_cv_lib_dc1394_control_dc1394_create_handle=no
ac_cv_lib_fl_yywrap=yes
ac_cv_lib_jpeg_jpeg_set_defaults=yes
ac_cv_lib_xvidcore_xvid_encore=no
ac_cv_objext=o
ac_cv_path_install='/usr/bin/install -c'
ac_cv_prog_AWK=gawk
ac_cv_prog_CPP='gcc -E'
ac_cv_prog_LEX=flex
ac_cv_prog_ac_ct_CC=gcc
ac_cv_prog_cc_g=yes
ac_cv_prog_cc_stdc=
ac_cv_prog_egrep='grep -E'
ac_cv_prog_lex_root=lex.yy
ac_cv_prog_lex_yytext_pointer=yes
ac_cv_prog_make_make_set=yes
am_cv_CC_dependencies_compiler_type=gcc3

## ----------------- ##
## Output variables. ##
## ----------------- ##

ACLOCAL='${SHELL} /usr/local/spook-20050207/missing --run aclocal-1.8'
AMDEPBACKSLASH='\'
AMDEP_FALSE='#'
AMDEP_TRUE=''
AMTAR='${SHELL} /usr/local/spook-20050207/missing --run tar'
AUTOCONF='${SHELL} /usr/local/spook-20050207/missing --run autoconf'
AUTOHEADER='${SHELL} /usr/local/spook-20050207/missing --run autoheader'
AUTOMAKE='${SHELL} /usr/local/spook-20050207/missing --run automake-1.8'
AWK='gawk'
BUILD_ENCODER_JPEG_FALSE='#'
BUILD_ENCODER_JPEG_TRUE=''
BUILD_ENCODER_MPEG4_FALSE=''
BUILD_ENCODER_MPEG4_TRUE='#'
BUILD_INPUT_DC1394_FALSE=''
BUILD_INPUT_DC1394_TRUE='#'
BUILD_INPUT_V4L2_FALSE='#'
BUILD_INPUT_V4L2_TRUE=''
BUILD_INPUT_V4L_FALSE=''
BUILD_INPUT_V4L_TRUE='#'
BUILD_INPUT_VDIG_FALSE=''
BUILD_INPUT_VDIG_TRUE='#'
CC='gcc'
CCDEPMODE='depmode=gcc3'
CFLAGS='-g -O2 -pthread -Wall -fno-strict-aliasing -I/usr/src/linux/include'
CPP='gcc -E'
CPPFLAGS=''
CYGPATH_W='echo'
DEFS='-DHAVE_CONFIG_H'
DEPDIR='.deps'
ECHO_C=''
ECHO_N='-n'
ECHO_T=''
EGREP='grep -E'
EXEEXT=''
INSTALL_DATA='${INSTALL} -m 644'
INSTALL_PROGRAM='${INSTALL}'
INSTALL_SCRIPT='${INSTALL}'
INSTALL_STRIP_PROGRAM='${SHELL} $(install_sh) -c -s'
LDFLAGS=''
LEX='flex'
LEXLIB='-lfl'
LEX_OUTPUT_ROOT='lex.yy'
LIBOBJS=''
LIBS='-ljpeg '
LTLIBOBJS=''
MAKEINFO='${SHELL} /usr/local/spook-20050207/missing --run makeinfo'
OBJEXT='o'
PACKAGE='spook'
PACKAGE_BUGREPORT=''
PACKAGE_NAME='Spook'
PACKAGE_STRING='Spook 20050207'
PACKAGE_TARNAME='spook'
PACKAGE_VERSION='20050207'
PATH_SEPARATOR=':'
QTLIBS=''
SET_MAKE=''
SHELL='/bin/sh'
SPOOK_ENCODER_JPEG=''
SPOOK_ENCODER_MPEG4=''
SPOOK_INPUT_DC1394=''
SPOOK_INPUT_V4L2=''
SPOOK_INPUT_V4L=''
SPOOK_INPUT_VDIG=''
STRIP=''
VERSION='20050207'
ac_ct_CC='gcc'
ac_ct_STRIP=''
am__fastdepCC_FALSE='#'
am__fastdepCC_TRUE=''
am__include='include'
am__leading_dot='.'
am__quote=''
bindir='${exec_prefix}/bin'
build='i686-pc-linux-gnu'
build_alias=''
build_cpu='i686'
build_os='linux-gnu'
build_vendor='pc'
datadir='${prefix}/share'
exec_prefix='${prefix}'
host='i686-pc-linux-gnu'
host_alias=''
host_cpu='i686'
host_os='linux-gnu'
host_vendor='pc'
includedir='${prefix}/include'
infodir='${prefix}/info'
install_sh='/usr/local/spook-20050207/install-sh'
libdir='${exec_prefix}/lib'
libexecdir='${exec_prefix}/libexec'
localstatedir='${prefix}/var'
mandir='${prefix}/man'
mkdir_p='mkdir -p -- .'
oldincludedir='/usr/include'
prefix='/usr/local'
program_transform_name='s,x,x,'
sbindir='${exec_prefix}/sbin'
sharedstatedir='${prefix}/com'
sysconfdir='${prefix}/etc'
target_alias=''

## ----------- ##
## confdefs.h. ##
## ----------- ##

#define HAVE_ASM_TYPES_H 1
#define HAVE_INTTYPES_H 1
#define HAVE_MEMORY_H 1
#define HAVE_STDINT_H 1
#define HAVE_STDLIB_H 1
#define HAVE_STRINGS_H 1
#define HAVE_STRING_H 1
#define HAVE_SYS_STAT_H 1
#define HAVE_SYS_TYPES_H 1
#define HAVE_UNISTD_H 1
#define PACKAGE "spook"
#define PACKAGE_BUGREPORT ""
#define PACKAGE_NAME "Spook"
#define PACKAGE_STRING "Spook 20050207"
#define PACKAGE_TARNAME "spook"
#define PACKAGE_VERSION "20050207"
#define SPOOK_ENCODER_JPEG 1
#define SPOOK_INPUT_V4L2 1
#define STDC_HEADERS 1
#define VERSION "20050207"
#define YYTEXT_POINTER 1

configure: exit 0
